app/build/intermediates/manifest_merge_blame_file/debug/manifest-merger-blame-debug-report.txt
1<?xml version="1.0" encoding="utf-8"?>
2<manifest xmlns:android="http://schemas.android.com/apk/res/android"
3    package="com.example.instagrampj"
4    android:versionCode="1"
5    android:versionName="1.0" >
6
7    <uses-sdk
8        android:minSdkVersion="22"
9        android:targetSdkVersion="33" />
10
11    <uses-permission android:name="android.permission.INTERNET" />
11-->[com.google.firebase:firebase-auth:22.1.1] AndroidManifest.xml:25:5-67
11-->[com.google.firebase:firebase-auth:22.1.1] AndroidManifest.xml:25:22-64
12    <uses-permission android:name="android.permission.ACCESS_NETWORK_STATE" />
12-->[com.google.firebase:firebase-auth:22.1.1] AndroidManifest.xml:26:5-79
12-->[com.google.firebase:firebase-auth:22.1.1] AndroidManifest.xml:26:22-76
13
14    <permission
14-->[androidx.core:core:1.9.0] AndroidManifest.xml:22:5-24:47
15        android:name="com.example.instagrampj.DYNAMIC_RECEIVER_NOT_EXPORTED_PERMISSION"
15-->[androidx.core:core:1.9.0] AndroidManifest.xml:23:9-81
16        android:protectionLevel="signature" />
16-->[androidx.core:core:1.9.0] AndroidManifest.xml:24:9-44
17
18    <uses-permission android:name="com.example.instagrampj.DYNAMIC_RECEIVER_NOT_EXPORTED_PERMISSION" />
18-->[androidx.core:core:1.9.0] AndroidManifest.xml:26:5-97
18-->[androidx.core:core:1.9.0] AndroidManifest.xml:26:22-94
19
20    <application
20-->src\main\AndroidManifest.xml:5:5-39:19
21        android:allowBackup="true"
21-->src\main\AndroidManifest.xml:6:9-35
22        android:appComponentFactory="androidx.core.app.CoreComponentFactory"
22-->[androidx.core:core:1.9.0] AndroidManifest.xml:28:18-86
23        android:dataExtractionRules="@xml/data_extraction_rules"
23-->src\main\AndroidManifest.xml:7:9-65
24        android:debuggable="true"
25        android:extractNativeLibs="true"
26        android:fullBackupContent="@xml/backup_rules"
26-->src\main\AndroidManifest.xml:8:9-54
27        android:icon="@mipmap/ic_launcher"
27-->src\main\AndroidManifest.xml:9:9-43
28        android:label="@string/app_name"
28-->src\main\AndroidManifest.xml:10:9-41
29        android:roundIcon="@mipmap/ic_launcher_round"
29-->src\main\AndroidManifest.xml:11:9-54
30        android:supportsRtl="true"
30-->src\main\AndroidManifest.xml:12:9-35
31        android:testOnly="true"
32        android:theme="@style/Theme.InstagramPJ" >
32-->src\main\AndroidManifest.xml:13:9-49
33        <activity
33-->src\main\AndroidManifest.xml:15:9-17:40
34            android:name="com.example.instagrampj.LoginActivity"
34-->src\main\AndroidManifest.xml:16:13-42
35            android:exported="false" />
35-->src\main\AndroidManifest.xml:17:13-37
36        <activity
36-->src\main\AndroidManifest.xml:18:9-20:40
37            android:name="com.example.instagrampj.RegisterActivity"
37-->src\main\AndroidManifest.xml:19:13-45
38            android:exported="false" />
38-->src\main\AndroidManifest.xml:20:13-37
39        <activity
39-->src\main\AndroidManifest.xml:21:9-29:20
40            android:name="com.example.instagrampj.SplashScreen"
40-->src\main\AndroidManifest.xml:22:13-41
41            android:exported="true" >
41-->src\main\AndroidManifest.xml:23:13-36
42            <intent-filter>
42-->src\main\AndroidManifest.xml:24:13-28:29
43                <action android:name="android.intent.action.MAIN" />
43-->src\main\AndroidManifest.xml:25:17-69
43-->src\main\AndroidManifest.xml:25:25-66
44
45                <category android:name="android.intent.category.LAUNCHER" />
45-->src\main\AndroidManifest.xml:27:17-77
45-->src\main\AndroidManifest.xml:27:27-74
46            </intent-filter>
47        </activity>
48        <activity
48-->src\main\AndroidManifest.xml:30:9-38:20
49            android:name="com.example.instagrampj.MainActivity"
49-->src\main\AndroidManifest.xml:31:13-41
50            android:exported="true" >
50-->src\main\AndroidManifest.xml:32:13-36
51            <intent-filter>
51-->src\main\AndroidManifest.xml:24:13-28:29
52                <action android:name="android.intent.action.MAIN" />
52-->src\main\AndroidManifest.xml:25:17-69
52-->src\main\AndroidManifest.xml:25:25-66
53
54                <category android:name="android.intent.category.LAUNCHER" />
54-->src\main\AndroidManifest.xml:27:17-77
54-->src\main\AndroidManifest.xml:27:27-74
55            </intent-filter>
56        </activity>
57
58        <service
58-->[com.google.firebase:firebase-auth-ktx:22.1.1] AndroidManifest.xml:8:9-14:19
59            android:name="com.google.firebase.components.ComponentDiscoveryService"
59-->[com.google.firebase:firebase-auth-ktx:22.1.1] AndroidManifest.xml:9:13-84
60            android:directBootAware="true"
60-->[com.google.firebase:firebase-common:20.3.2] AndroidManifest.xml:34:13-43
61            android:exported="false" >
61-->[com.google.firebase:firebase-auth-ktx:22.1.1] AndroidManifest.xml:10:13-37
62            <meta-data
62-->[com.google.firebase:firebase-auth-ktx:22.1.1] AndroidManifest.xml:11:13-13:85
63                android:name="com.google.firebase.components:com.google.firebase.auth.ktx.FirebaseAuthKtxRegistrar"
63-->[com.google.firebase:firebase-auth-ktx:22.1.1] AndroidManifest.xml:12:17-116
64                android:value="com.google.firebase.components.ComponentRegistrar" />
64-->[com.google.firebase:firebase-auth-ktx:22.1.1] AndroidManifest.xml:13:17-82
65            <meta-data
65-->[com.google.firebase:firebase-firestore-ktx:24.7.1] AndroidManifest.xml:12:13-14:85
66                android:name="com.google.firebase.components:com.google.firebase.firestore.ktx.FirebaseFirestoreKtxRegistrar"
66-->[com.google.firebase:firebase-firestore-ktx:24.7.1] AndroidManifest.xml:13:17-126
67                android:value="com.google.firebase.components.ComponentRegistrar" />
67-->[com.google.firebase:firebase-firestore-ktx:24.7.1] AndroidManifest.xml:14:17-82
68            <meta-data
68-->[com.google.firebase:firebase-storage-ktx:20.2.1] AndroidManifest.xml:14:13-16:85
69                android:name="com.google.firebase.components:com.google.firebase.storage.ktx.FirebaseStorageKtxRegistrar"
69-->[com.google.firebase:firebase-storage-ktx:20.2.1] AndroidManifest.xml:15:17-122
70                android:value="com.google.firebase.components.ComponentRegistrar" />
70-->[com.google.firebase:firebase-storage-ktx:20.2.1] AndroidManifest.xml:16:17-82
71            <meta-data
71-->[com.google.firebase:firebase-auth:22.1.1] AndroidManifest.xml:69:13-71:85
72                android:name="com.google.firebase.components:com.google.firebase.auth.FirebaseAuthRegistrar"
72-->[com.google.firebase:firebase-auth:22.1.1] AndroidManifest.xml:70:17-109
73                android:value="com.google.firebase.components.ComponentRegistrar" />
73-->[com.google.firebase:firebase-auth:22.1.1] AndroidManifest.xml:71:17-82
74            <meta-data
74-->[com.google.firebase:firebase-firestore:24.7.1] AndroidManifest.xml:17:13-19:85
75                android:name="com.google.firebase.components:com.google.firebase.firestore.FirestoreRegistrar"
75-->[com.google.firebase:firebase-firestore:24.7.1] AndroidManifest.xml:18:17-111
76                android:value="com.google.firebase.components.ComponentRegistrar" />
76-->[com.google.firebase:firebase-firestore:24.7.1] AndroidManifest.xml:19:17-82
77            <meta-data
77-->[com.google.firebase:firebase-storage:20.2.1] AndroidManifest.xml:32:13-34:85
78                android:name="com.google.firebase.components:com.google.firebase.storage.StorageRegistrar"
78-->[com.google.firebase:firebase-storage:20.2.1] AndroidManifest.xml:33:17-107
79                android:value="com.google.firebase.components.ComponentRegistrar" />
79-->[com.google.firebase:firebase-storage:20.2.1] AndroidManifest.xml:34:17-82
80            <meta-data
80-->[com.google.firebase:firebase-common-ktx:20.3.1] AndroidManifest.xml:14:13-16:85
81                android:name="com.google.firebase.components:com.google.firebase.ktx.FirebaseCommonKtxRegistrar"
81-->[com.google.firebase:firebase-common-ktx:20.3.1] AndroidManifest.xml:15:17-113
82                android:value="com.google.firebase.components.ComponentRegistrar" />
82-->[com.google.firebase:firebase-common-ktx:20.3.1] AndroidManifest.xml:16:17-82
83        </service>
84
85        <activity
85-->[com.google.firebase:firebase-auth:22.1.1] AndroidManifest.xml:29:9-46:20
86            android:name="com.google.firebase.auth.internal.GenericIdpActivity"
86-->[com.google.firebase:firebase-auth:22.1.1] AndroidManifest.xml:30:13-80
87            android:excludeFromRecents="true"
87-->[com.google.firebase:firebase-auth:22.1.1] AndroidManifest.xml:31:13-46
88            android:exported="true"
88-->[com.google.firebase:firebase-auth:22.1.1] AndroidManifest.xml:32:13-36
89            android:launchMode="singleTask"
89-->[com.google.firebase:firebase-auth:22.1.1] AndroidManifest.xml:33:13-44
90            android:theme="@android:style/Theme.Translucent.NoTitleBar" >
90-->[com.google.firebase:firebase-auth:22.1.1] AndroidManifest.xml:34:13-72
91            <intent-filter>
91-->[com.google.firebase:firebase-auth:22.1.1] AndroidManifest.xml:35:13-45:29
92                <action android:name="android.intent.action.VIEW" />
92-->[com.google.firebase:firebase-auth:22.1.1] AndroidManifest.xml:36:17-69
92-->[com.google.firebase:firebase-auth:22.1.1] AndroidManifest.xml:36:25-66
93
94                <category android:name="android.intent.category.DEFAULT" />
94-->[com.google.firebase:firebase-auth:22.1.1] AndroidManifest.xml:38:17-76
94-->[com.google.firebase:firebase-auth:22.1.1] AndroidManifest.xml:38:27-73
95                <category android:name="android.intent.category.BROWSABLE" />
95-->[com.google.firebase:firebase-auth:22.1.1] AndroidManifest.xml:39:17-78
95-->[com.google.firebase:firebase-auth:22.1.1] AndroidManifest.xml:39:27-75
96
97                <data
97-->[com.google.firebase:firebase-auth:22.1.1] AndroidManifest.xml:41:17-44:51
98                    android:host="firebase.auth"
98-->[com.google.firebase:firebase-auth:22.1.1] AndroidManifest.xml:42:21-49
99                    android:path="/"
99-->[com.google.firebase:firebase-auth:22.1.1] AndroidManifest.xml:43:21-37
100                    android:scheme="genericidp" />
100-->[com.google.firebase:firebase-auth:22.1.1] AndroidManifest.xml:44:21-48
101            </intent-filter>
102        </activity>
103        <activity
103-->[com.google.firebase:firebase-auth:22.1.1] AndroidManifest.xml:47:9-64:20
104            android:name="com.google.firebase.auth.internal.RecaptchaActivity"
104-->[com.google.firebase:firebase-auth:22.1.1] AndroidManifest.xml:48:13-79
105            android:excludeFromRecents="true"
105-->[com.google.firebase:firebase-auth:22.1.1] AndroidManifest.xml:49:13-46
106            android:exported="true"
106-->[com.google.firebase:firebase-auth:22.1.1] AndroidManifest.xml:50:13-36
107            android:launchMode="singleTask"
107-->[com.google.firebase:firebase-auth:22.1.1] AndroidManifest.xml:51:13-44
108            android:theme="@android:style/Theme.Translucent.NoTitleBar" >
108-->[com.google.firebase:firebase-auth:22.1.1] AndroidManifest.xml:52:13-72
109            <intent-filter>
109-->[com.google.firebase:firebase-auth:22.1.1] AndroidManifest.xml:53:13-63:29
110                <action android:name="android.intent.action.VIEW" />
110-->[com.google.firebase:firebase-auth:22.1.1] AndroidManifest.xml:36:17-69
110-->[com.google.firebase:firebase-auth:22.1.1] AndroidManifest.xml:36:25-66
111
112                <category android:name="android.intent.category.DEFAULT" />
112-->[com.google.firebase:firebase-auth:22.1.1] AndroidManifest.xml:38:17-76
112-->[com.google.firebase:firebase-auth:22.1.1] AndroidManifest.xml:38:27-73
113                <category android:name="android.intent.category.BROWSABLE" />
113-->[com.google.firebase:firebase-auth:22.1.1] AndroidManifest.xml:39:17-78
113-->[com.google.firebase:firebase-auth:22.1.1] AndroidManifest.xml:39:27-75
114
115                <data
115-->[com.google.firebase:firebase-auth:22.1.1] AndroidManifest.xml:41:17-44:51
116                    android:host="firebase.auth"
116-->[com.google.firebase:firebase-auth:22.1.1] AndroidManifest.xml:42:21-49
117                    android:path="/"
117-->[com.google.firebase:firebase-auth:22.1.1] AndroidManifest.xml:43:21-37
118                    android:scheme="recaptcha" />
118-->[com.google.firebase:firebase-auth:22.1.1] AndroidManifest.xml:44:21-48
119            </intent-filter>
120        </activity>
121
122        <provider
122-->[com.google.firebase:firebase-common:20.3.2] AndroidManifest.xml:25:9-30:39
123            android:name="com.google.firebase.provider.FirebaseInitProvider"
123-->[com.google.firebase:firebase-common:20.3.2] AndroidManifest.xml:26:13-77
124            android:authorities="com.example.instagrampj.firebaseinitprovider"
124-->[com.google.firebase:firebase-common:20.3.2] AndroidManifest.xml:27:13-72
125            android:directBootAware="true"
125-->[com.google.firebase:firebase-common:20.3.2] AndroidManifest.xml:28:13-43
126            android:exported="false"
126-->[com.google.firebase:firebase-common:20.3.2] AndroidManifest.xml:29:13-37
127            android:initOrder="100" />
127-->[com.google.firebase:firebase-common:20.3.2] AndroidManifest.xml:30:13-36
128
129        <activity
129-->[com.google.android.gms:play-services-base:18.0.1] AndroidManifest.xml:20:9-22:45
130            android:name="com.google.android.gms.common.api.GoogleApiActivity"
130-->[com.google.android.gms:play-services-base:18.0.1] AndroidManifest.xml:20:19-85
131            android:exported="false"
131-->[com.google.android.gms:play-services-base:18.0.1] AndroidManifest.xml:22:19-43
132            android:theme="@android:style/Theme.Translucent.NoTitleBar" />
132-->[com.google.android.gms:play-services-base:18.0.1] AndroidManifest.xml:21:19-78
133
134        <meta-data
134-->[com.google.android.gms:play-services-basement:18.1.0] AndroidManifest.xml:21:9-23:69
135            android:name="com.google.android.gms.version"
135-->[com.google.android.gms:play-services-basement:18.1.0] AndroidManifest.xml:22:13-58
136            android:value="@integer/google_play_services_version" />
136-->[com.google.android.gms:play-services-basement:18.1.0] AndroidManifest.xml:23:13-66
137
138        <provider
138-->[androidx.emoji2:emoji2:1.2.0] AndroidManifest.xml:24:9-32:20
139            android:name="androidx.startup.InitializationProvider"
139-->[androidx.emoji2:emoji2:1.2.0] AndroidManifest.xml:25:13-67
140            android:authorities="com.example.instagrampj.androidx-startup"
140-->[androidx.emoji2:emoji2:1.2.0] AndroidManifest.xml:26:13-68
141            android:exported="false" >
141-->[androidx.emoji2:emoji2:1.2.0] AndroidManifest.xml:27:13-37
142            <meta-data
142-->[androidx.emoji2:emoji2:1.2.0] AndroidManifest.xml:29:13-31:52
143                android:name="androidx.emoji2.text.EmojiCompatInitializer"
143-->[androidx.emoji2:emoji2:1.2.0] AndroidManifest.xml:30:17-75
144                android:value="androidx.startup" />
144-->[androidx.emoji2:emoji2:1.2.0] AndroidManifest.xml:31:17-49
145            <meta-data
145-->[androidx.lifecycle:lifecycle-process:2.4.1] AndroidManifest.xml:31:13-33:52
146                android:name="androidx.lifecycle.ProcessLifecycleInitializer"
146-->[androidx.lifecycle:lifecycle-process:2.4.1] AndroidManifest.xml:32:17-78
147                android:value="androidx.startup" />
147-->[androidx.lifecycle:lifecycle-process:2.4.1] AndroidManifest.xml:33:17-49
148        </provider>
149    </application>
150
151</manifest>